<?xml version="1.0" encoding="UTF-8"?>
<!-- Generated by org.testng.reporters.JUnitReportReporter -->
<testsuite hostname="DESKTOP-B2QSJ40" failures="0" tests="1" name="runner.TestRunner" time="17.951" errors="0" timestamp="2024-10-11T01:47:23 EEST" skipped="0">
  <testcase classname="runner.TestRunner" name="runScenario" time="17.951"/>
</testsuite> <!-- runner.TestRunner -->
